{"name": "Проверка итоговой суммы заказа", "status": "broken", "statusDetails": {"message": "selenium.common.exceptions.TimeoutException: Message: \nStacktrace:\n\tGetHandleVerifier [0x0x7ff7e685e995+80021]\n\tGetHandleVerifier [0x0x7ff7e685e9f0+80112]\n\t(No symbol) [0x0x7ff7e65e060f]\n\t(No symbol) [0x0x7ff7e6638854]\n\t(No symbol) [0x0x7ff7e6638b1c]\n\t(No symbol) [0x0x7ff7e668c927]\n\t(No symbol) [0x0x7ff7e666126f]\n\t(No symbol) [0x0x7ff7e668968a]\n\t(No symbol) [0x0x7ff7e6661003]\n\t(No symbol) [0x0x7ff7e66295d1]\n\t(No symbol) [0x0x7ff7e662a3f3]\n\tGetHandleVerifier [0x0x7ff7e6b1dd4d+2960461]\n\tGetHandleVerifier [0x0x7ff7e6b1800a+2936586]\n\tGetHandleVerifier [0x0x7ff7e6b38a47+3070279]\n\tGetHandleVerifier [0x0x7ff7e687847e+185214]\n\tGetHandleVerifier [0x0x7ff7e687fecf+216527]\n\tGetHandleVerifier [0x0x7ff7e6867bd4+117460]\n\tGetHandleVerifier [0x0x7ff7e6867d8f+117903]\n\tGetHandleVerifier [0x0x7ff7e684dc68+11112]\n\tBaseThreadInitThunk [0x0x7ffc90fe7374+20]\n\tRtlUserThreadStart [0x0x7ffc9277cc91+33]", "trace": "self = <test_saucedemo.TestSauceDemo object at 0x00000182BCF37C50>\n\n    @allure.title(\"Проверка итоговой суммы заказа\")\n    @allure.description(\"Тест проверяет корректность расчета итоговой суммы при оформлении заказа\")\n    @allure.severity(allure.severity_level.BLOCKER)\n    def test_checkout_total_amount(self):\n        \"\"\"Тест проверки итоговой суммы заказа\"\"\"\n        login_page = LoginPage(self.driver)\n        products_page = ProductsPage(self.driver)\n        cart_page = CartPage(self.driver)\n        checkout_page = CheckoutPage(self.driver)\n    \n        with allure.step(\"Авторизация пользователя\"):\n            login_page.open()\n            login_page.login(\"standard_user\", \"secret_sauce\")\n    \n        with allure.step(\"Добавление товаров в корзину\"):\n            backpack_add_button = (By.ID, \"add-to-cart-sauce-labs-backpack\")\n            tshirt_add_button = (By.ID, \"add-to-cart-sauce-labs-bolt-t-shirt\")\n            onesie_add_button = (By.ID, \"add-to-cart-sauce-labs-onesie\")\n    \n            products_page.click(backpack_add_button)\n            products_page.click(tshirt_add_button)\n            products_page.click(onesie_add_button)\n    \n            allure.attach(\"Добавлены товары: Backpack, Bolt T-Shirt, Onesie\", name=\"Добавленные товары\")\n    \n        with allure.step(\"Переход в корзину\"):\n            products_page.go_to_cart()\n    \n        with allure.step(\"Начало оформления заказа\"):\n            cart_page.click_checkout()\n    \n        with allure.step(\"Заполнение данных для оформления\"):\n            checkout_page.fill_checkout_form(\"Иван\", \"Иванов\", \"123456\")\n            checkout_page.click_continue()\n    \n        with allure.step(\"Получение итоговой суммы\"):\n>           total_text = checkout_page.get_total_text()\n                         ^^^^^^^^^^^^^^^^^^^^^^^^^^^^^^\n\n07_lesson\\test_saucedemo.py:63: \n_ _ _ _ _ _ _ _ _ _ _ _ _ _ _ _ _ _ _ _ _ _ _ _ _ _ _ _ _ _ _ _ _ _ _ _ _ _ _ _ _ _ _ _ _ _ _ _ _ _ _ _ _ _ _ _ _ _ _ _ _ _ _ _ _ _ _ _ _ _ _ _ _ _ _ _ _ _ _ _\n07_lesson\\checkout_page.py:55: in get_total_text\n    return self.get_text(self.TOTAL)\n           ^^^^^^^^^^^^^^^^^^^^^^^^^\n07_lesson\\base_page.py:78: in get_text\n    element = self.find_element(locator)\n              ^^^^^^^^^^^^^^^^^^^^^^^^^^\n07_lesson\\base_page.py:32: in find_element\n    return self.wait.until(EC.presence_of_element_located(locator))\n           ^^^^^^^^^^^^^^^^^^^^^^^^^^^^^^^^^^^^^^^^^^^^^^^^^^^^^^^^\n_ _ _ _ _ _ _ _ _ _ _ _ _ _ _ _ _ _ _ _ _ _ _ _ _ _ _ _ _ _ _ _ _ _ _ _ _ _ _ _ _ _ _ _ _ _ _ _ _ _ _ _ _ _ _ _ _ _ _ _ _ _ _ _ _ _ _ _ _ _ _ _ _ _ _ _ _ _ _ _\n\nself = <selenium.webdriver.support.wait.WebDriverWait (session=\"11352d4909f7ce5f71f026e9fc5cad61\")>\nmethod = <function presence_of_element_located.<locals>._predicate at 0x00000182BCFF5BC0>, message = ''\n\n    def until(self, method: Callable[[D], Union[Literal[False], T]], message: str = \"\") -> T:\n        \"\"\"Wait until the method returns a value that is not False.\n    \n        Calls the method provided with the driver as an argument until the\n        return value does not evaluate to ``False``.\n    \n        Parameters:\n        -----------\n        method: callable(WebDriver)\n            - A callable object that takes a WebDriver instance as an argument.\n    \n        message: str\n            - Optional message for :exc:`TimeoutException`\n    \n        Return:\n        -------\n        object: T\n            - The result of the last call to `method`\n    \n        Raises:\n        -------\n        TimeoutException\n            - If 'method' does not return a truthy value within the WebDriverWait\n            object's timeout\n    \n        Example:\n        --------\n        >>> from selenium.webdriver.common.by import By\n        >>> from selenium.webdriver.support.ui import WebDriverWait\n        >>> from selenium.webdriver.support import expected_conditions as EC\n    \n        # Wait until an element is visible on the page\n        >>> wait = WebDriverWait(driver, 10)\n        >>> element = wait.until(EC.visibility_of_element_located((By.ID, \"exampleId\")))\n        >>> print(element.text)\n        \"\"\"\n        screen = None\n        stacktrace = None\n    \n        end_time = time.monotonic() + self._timeout\n        while True:\n            try:\n                value = method(self._driver)\n                if value:\n                    return value\n            except self._ignored_exceptions as exc:\n                screen = getattr(exc, \"screen\", None)\n                stacktrace = getattr(exc, \"stacktrace\", None)\n            if time.monotonic() > end_time:\n                break\n            time.sleep(self._poll)\n>       raise TimeoutException(message, screen, stacktrace)\nE       selenium.common.exceptions.TimeoutException: Message: \nE       Stacktrace:\nE       \tGetHandleVerifier [0x0x7ff7e685e995+80021]\nE       \tGetHandleVerifier [0x0x7ff7e685e9f0+80112]\nE       \t(No symbol) [0x0x7ff7e65e060f]\nE       \t(No symbol) [0x0x7ff7e6638854]\nE       \t(No symbol) [0x0x7ff7e6638b1c]\nE       \t(No symbol) [0x0x7ff7e668c927]\nE       \t(No symbol) [0x0x7ff7e666126f]\nE       \t(No symbol) [0x0x7ff7e668968a]\nE       \t(No symbol) [0x0x7ff7e6661003]\nE       \t(No symbol) [0x0x7ff7e66295d1]\nE       \t(No symbol) [0x0x7ff7e662a3f3]\nE       \tGetHandleVerifier [0x0x7ff7e6b1dd4d+2960461]\nE       \tGetHandleVerifier [0x0x7ff7e6b1800a+2936586]\nE       \tGetHandleVerifier [0x0x7ff7e6b38a47+3070279]\nE       \tGetHandleVerifier [0x0x7ff7e687847e+185214]\nE       \tGetHandleVerifier [0x0x7ff7e687fecf+216527]\nE       \tGetHandleVerifier [0x0x7ff7e6867bd4+117460]\nE       \tGetHandleVerifier [0x0x7ff7e6867d8f+117903]\nE       \tGetHandleVerifier [0x0x7ff7e684dc68+11112]\nE       \tBaseThreadInitThunk [0x0x7ffc90fe7374+20]\nE       \tRtlUserThreadStart [0x0x7ffc9277cc91+33]\n\nC:\\Users\\18\\AppData\\Local\\Packages\\PythonSoftwareFoundation.Python.3.13_qbz5n2kfra8p0\\LocalCache\\local-packages\\Python313\\site-packages\\selenium\\webdriver\\support\\wait.py:138: TimeoutException"}, "description": "Тест проверяет корректность расчета итоговой суммы при оформлении заказа", "steps": [{"name": "Авторизация пользователя", "status": "passed", "steps": [{"name": "Открыть страницу авторизации", "status": "passed", "start": 1760026430285, "stop": 1760026431147}, {"name": "Выполнить авторизацию пользователем: 'standard_user'", "status": "passed", "parameters": [{"name": "username", "value": "'standard_user'"}, {"name": "password", "value": "'secret_sauce'"}], "start": 1760026431147, "stop": 1760026431459}], "start": 1760026430285, "stop": 1760026431459}, {"name": "Добавление товаров в корзину", "status": "passed", "attachments": [{"name": "Добавленные товары", "source": "9352ba5a-69c7-4b2c-9abc-50d146931d2d-attachment.attach"}], "start": 1760026431460, "stop": 1760026431664}, {"name": "Переход в корзину", "status": "passed", "steps": [{"name": "Перейти в корзину покупок", "status": "passed", "start": 1760026431665, "stop": 1760026431729}], "start": 1760026431664, "stop": 1760026431729}, {"name": "Начало оформления заказа", "status": "passed", "steps": [{"name": "Нажать кнопку оформления заказа", "status": "passed", "start": 1760026431729, "stop": 1760026431799}], "start": 1760026431729, "stop": 1760026431799}, {"name": "Заполнение данных для оформления", "status": "passed", "steps": [{"name": "Заполнить форму оформления заказа: 'Иван' 'Иванов', '123456'", "status": "passed", "parameters": [{"name": "first_name", "value": "'Иван'"}, {"name": "last_name", "value": "'Иванов'"}, {"name": "postal_code", "value": "'123456'"}], "start": 1760026431799, "stop": 1760026432022}, {"name": "Нажать кнопку продолжения оформления заказа", "status": "passed", "start": 1760026432022, "stop": 1760026432071}], "start": 1760026431799, "stop": 1760026432071}, {"name": "Получение итоговой суммы", "status": "broken", "statusDetails": {"message": "selenium.common.exceptions.TimeoutException: Message: \nStacktrace:\n\tGetHandleVerifier [0x0x7ff7e685e995+80021]\n\tGetHandleVerifier [0x0x7ff7e685e9f0+80112]\n\t(No symbol) [0x0x7ff7e65e060f]\n\t(No symbol) [0x0x7ff7e6638854]\n\t(No symbol) [0x0x7ff7e6638b1c]\n\t(No symbol) [0x0x7ff7e668c927]\n\t(No symbol) [0x0x7ff7e666126f]\n\t(No symbol) [0x0x7ff7e668968a]\n\t(No symbol) [0x0x7ff7e6661003]\n\t(No symbol) [0x0x7ff7e66295d1]\n\t(No symbol) [0x0x7ff7e662a3f3]\n\tGetHandleVerifier [0x0x7ff7e6b1dd4d+2960461]\n\tGetHandleVerifier [0x0x7ff7e6b1800a+2936586]\n\tGetHandleVerifier [0x0x7ff7e6b38a47+3070279]\n\tGetHandleVerifier [0x0x7ff7e687847e+185214]\n\tGetHandleVerifier [0x0x7ff7e687fecf+216527]\n\tGetHandleVerifier [0x0x7ff7e6867bd4+117460]\n\tGetHandleVerifier [0x0x7ff7e6867d8f+117903]\n\tGetHandleVerifier [0x0x7ff7e684dc68+11112]\n\tBaseThreadInitThunk [0x0x7ffc90fe7374+20]\n\tRtlUserThreadStart [0x0x7ffc9277cc91+33]\n\n", "trace": "  File \"C:\\Users\\18\\Desktop\\Python_уроки\\01_lesson\\lesson_10\\07_lesson\\test_saucedemo.py\", line 63, in test_checkout_total_amount\n    total_text = checkout_page.get_total_text()\n  File \"C:\\Users\\18\\AppData\\Local\\Packages\\PythonSoftwareFoundation.Python.3.13_qbz5n2kfra8p0\\LocalCache\\local-packages\\Python313\\site-packages\\allure_commons\\_allure.py\", line 202, in impl\n    return func(*a, **kw)\n  File \"C:\\Users\\18\\Desktop\\Python_уроки\\01_lesson\\lesson_10\\07_lesson\\checkout_page.py\", line 55, in get_total_text\n    return self.get_text(self.TOTAL)\n           ~~~~~~~~~~~~~^^^^^^^^^^^^\n  File \"C:\\Users\\18\\Desktop\\Python_уроки\\01_lesson\\lesson_10\\07_lesson\\base_page.py\", line 78, in get_text\n    element = self.find_element(locator)\n  File \"C:\\Users\\18\\Desktop\\Python_уроки\\01_lesson\\lesson_10\\07_lesson\\base_page.py\", line 32, in find_element\n    return self.wait.until(EC.presence_of_element_located(locator))\n           ~~~~~~~~~~~~~~~^^^^^^^^^^^^^^^^^^^^^^^^^^^^^^^^^^^^^^^^^\n  File \"C:\\Users\\18\\AppData\\Local\\Packages\\PythonSoftwareFoundation.Python.3.13_qbz5n2kfra8p0\\LocalCache\\local-packages\\Python313\\site-packages\\selenium\\webdriver\\support\\wait.py\", line 138, in until\n    raise TimeoutException(message, screen, stacktrace)\n"}, "steps": [{"name": "Получить итоговую сумму заказа", "status": "broken", "statusDetails": {"message": "selenium.common.exceptions.TimeoutException: Message: \nStacktrace:\n\tGetHandleVerifier [0x0x7ff7e685e995+80021]\n\tGetHandleVerifier [0x0x7ff7e685e9f0+80112]\n\t(No symbol) [0x0x7ff7e65e060f]\n\t(No symbol) [0x0x7ff7e6638854]\n\t(No symbol) [0x0x7ff7e6638b1c]\n\t(No symbol) [0x0x7ff7e668c927]\n\t(No symbol) [0x0x7ff7e666126f]\n\t(No symbol) [0x0x7ff7e668968a]\n\t(No symbol) [0x0x7ff7e6661003]\n\t(No symbol) [0x0x7ff7e66295d1]\n\t(No symbol) [0x0x7ff7e662a3f3]\n\tGetHandleVerifier [0x0x7ff7e6b1dd4d+2960461]\n\tGetHandleVerifier [0x0x7ff7e6b1800a+2936586]\n\tGetHandleVerifier [0x0x7ff7e6b38a47+3070279]\n\tGetHandleVerifier [0x0x7ff7e687847e+185214]\n\tGetHandleVerifier [0x0x7ff7e687fecf+216527]\n\tGetHandleVerifier [0x0x7ff7e6867bd4+117460]\n\tGetHandleVerifier [0x0x7ff7e6867d8f+117903]\n\tGetHandleVerifier [0x0x7ff7e684dc68+11112]\n\tBaseThreadInitThunk [0x0x7ffc90fe7374+20]\n\tRtlUserThreadStart [0x0x7ffc9277cc91+33]\n\n", "trace": "  File \"C:\\Users\\18\\AppData\\Local\\Packages\\PythonSoftwareFoundation.Python.3.13_qbz5n2kfra8p0\\LocalCache\\local-packages\\Python313\\site-packages\\allure_commons\\_allure.py\", line 202, in impl\n    return func(*a, **kw)\n  File \"C:\\Users\\18\\Desktop\\Python_уроки\\01_lesson\\lesson_10\\07_lesson\\checkout_page.py\", line 55, in get_total_text\n    return self.get_text(self.TOTAL)\n           ~~~~~~~~~~~~~^^^^^^^^^^^^\n  File \"C:\\Users\\18\\Desktop\\Python_уроки\\01_lesson\\lesson_10\\07_lesson\\base_page.py\", line 78, in get_text\n    element = self.find_element(locator)\n  File \"C:\\Users\\18\\Desktop\\Python_уроки\\01_lesson\\lesson_10\\07_lesson\\base_page.py\", line 32, in find_element\n    return self.wait.until(EC.presence_of_element_located(locator))\n           ~~~~~~~~~~~~~~~^^^^^^^^^^^^^^^^^^^^^^^^^^^^^^^^^^^^^^^^^\n  File \"C:\\Users\\18\\AppData\\Local\\Packages\\PythonSoftwareFoundation.Python.3.13_qbz5n2kfra8p0\\LocalCache\\local-packages\\Python313\\site-packages\\selenium\\webdriver\\support\\wait.py\", line 138, in until\n    raise TimeoutException(message, screen, stacktrace)\n"}, "start": 1760026432071, "stop": 1760026442481}], "start": 1760026432071, "stop": 1760026442483}], "start": 1760026430284, "stop": 1760026442484, "uuid": "3863f1bb-131d-45c7-bdd6-1598e45f19d5", "historyId": "009cb8d527503c678f38a56ea3b4e1b6", "testCaseId": "009cb8d527503c678f38a56ea3b4e1b6", "fullName": "07_lesson.test_saucedemo.TestSauceDemo#test_checkout_total_amount", "labels": [{"name": "feature", "value": "Оформление заказа"}, {"name": "severity", "value": "blocker"}, {"name": "parentSuite", "value": "07_lesson"}, {"name": "suite", "value": "test_saucedemo"}, {"name": "subSuite", "value": "TestSauceDemo"}, {"name": "host", "value": "Alenushka"}, {"name": "thread", "value": "5612-MainThread"}, {"name": "framework", "value": "pytest"}, {"name": "language", "value": "cpython3"}, {"name": "package", "value": "07_lesson.test_saucedemo"}], "titlePath": ["07_lesson", "test_saucedemo.py", "TestSauceDemo"]}